# JRE version: Java(TM) SE Runtime Environment (8.0_191-b12) (build 1.8.0_191-b12)
# Java VM: Java HotSpot(TM) 64-Bit Server VM (25.191-b12 mixed mode bsd-amd64 compressed oops)
Heap:
 PSYoungGen      total 144896K, used 114476K [0x0000000795580000, 0x000000079f200000, 0x00000007c0000000)
  eden space 131072K, 81% used [0x0000000795580000,0x000000079bded170,0x000000079d580000)
  from space 13824K, 54% used [0x000000079e280000,0x000000079e9ddeb8,0x000000079f000000)
  to   space 13312K, 0% used [0x000000079d580000,0x000000079d580000,0x000000079e280000)
 ParOldGen       total 93696K, used 20449K [0x0000000740000000, 0x0000000745b80000, 0x0000000795580000)
  object space 93696K, 21% used [0x0000000740000000,0x00000007413f8660,0x0000000745b80000)
 Metaspace       used 45396K, capacity 47532K, committed 47704K, reserved 1089536K
  class space    used 6197K, capacity 6680K, committed 6784K, reserved 1048576K
GC Heap History (10 events):
Event: 6.679 GC heap before
{Heap before GC invocations=10 (full 1):
 PSYoungGen      total 87040K, used 64432K [0x0000000795580000, 0x000000079d380000, 0x00000007c0000000)
  eden space 76800K, 70% used [0x0000000795580000,0x0000000798a6df40,0x000000079a080000)
  from space 10240K, 99% used [0x000000079ac80000,0x000000079b67e318,0x000000079b680000)
  to   space 12288K, 0% used [0x000000079a080000,0x000000079a080000,0x000000079ac80000)
 ParOldGen       total 57856K, used 10861K [0x0000000740000000, 0x0000000743880000, 0x0000000795580000)
  object space 57856K, 18% used [0x0000000740000000,0x0000000740a9b620,0x0000000743880000)
 Metaspace       used 34080K, capacity 35210K, committed 35416K, reserved 1079296K
  class space    used 4406K, capacity 4727K, committed 4736K, reserved 1048576K
Event: 6.694 GC heap after
Heap after GC invocations=10 (full 1):
 PSYoungGen      total 89088K, used 11890K [0x0000000795580000, 0x000000079d980000, 0x00000007c0000000)
  eden space 76800K, 0% used [0x0000000795580000,0x0000000795580000,0x000000079a080000)
  from space 12288K, 96% used [0x000000079a080000,0x000000079ac1cba8,0x000000079ac80000)
  to   space 13824K, 0% used [0x000000079cc00000,0x000000079cc00000,0x000000079d980000)
 ParOldGen       total 57856K, used 11621K [0x0000000740000000, 0x0000000743880000, 0x0000000795580000)
  object space 57856K, 20% used [0x0000000740000000,0x0000000740b59640,0x0000000743880000)
 Metaspace       used 34080K, capacity 35210K, committed 35416K, reserved 1079296K
  class space    used 4406K, capacity 4727K, committed 4736K, reserved 1048576K
}
Event: 6.694 GC heap before
{Heap before GC invocations=11 (full 2):
 PSYoungGen      total 89088K, used 11890K [0x0000000795580000, 0x000000079d980000, 0x00000007c0000000)
  eden space 76800K, 0% used [0x0000000795580000,0x0000000795580000,0x000000079a080000)
  from space 12288K, 96% used [0x000000079a080000,0x000000079ac1cba8,0x000000079ac80000)
  to   space 13824K, 0% used [0x000000079cc00000,0x000000079cc00000,0x000000079d980000)
 ParOldGen       total 57856K, used 11621K [0x0000000740000000, 0x0000000743880000, 0x0000000795580000)
  object space 57856K, 20% used [0x0000000740000000,0x0000000740b59640,0x0000000743880000)
 Metaspace       used 34080K, capacity 35210K, committed 35416K, reserved 1079296K
  class space    used 4406K, capacity 4727K, committed 4736K, reserved 1048576K
Event: 6.763 GC heap after
Heap after GC invocations=11 (full 2):
 PSYoungGen      total 89088K, used 0K [0x0000000795580000, 0x000000079d980000, 0x00000007c0000000)
  eden space 76800K, 0% used [0x0000000795580000,0x0000000795580000,0x000000079a080000)
  from space 12288K, 0% used [0x000000079a080000,0x000000079a080000,0x000000079ac80000)
  to   space 13824K, 0% used [0x000000079cc00000,0x000000079cc00000,0x000000079d980000)
 ParOldGen       total 93696K, used 18137K [0x0000000740000000, 0x0000000745b80000, 0x0000000795580000)
  object space 93696K, 19% used [0x0000000740000000,0x00000007411b6660,0x0000000745b80000)
 Metaspace       used 34080K, capacity 35210K, committed 35416K, reserved 1079296K
  class space    used 4406K, capacity 4727K, committed 4736K, reserved 1048576K
}
Event: 7.647 GC heap before
{Heap before GC invocations=12 (full 2):
 PSYoungGen      total 89088K, used 76800K [0x0000000795580000, 0x000000079d980000, 0x00000007c0000000)
  eden space 76800K, 100% used [0x0000000795580000,0x000000079a080000,0x000000079a080000)
  from space 12288K, 0% used [0x000000079a080000,0x000000079a080000,0x000000079ac80000)
  to   space 13824K, 0% used [0x000000079cc00000,0x000000079cc00000,0x000000079d980000)
 ParOldGen       total 93696K, used 18137K [0x0000000740000000, 0x0000000745b80000, 0x0000000795580000)
  object space 93696K, 19% used [0x0000000740000000,0x00000007411b6660,0x0000000745b80000)
 Metaspace       used 36937K, capacity 38122K, committed 38488K, reserved 1083392K
  class space    used 4796K, capacity 5125K, committed 5248K, reserved 1048576K
Event: 7.659 GC heap after
Heap after GC invocations=12 (full 2):
 PSYoungGen      total 108032K, used 4336K [0x0000000795580000, 0x000000079d300000, 0x00000007c0000000)
  eden space 100864K, 0% used [0x0000000795580000,0x0000000795580000,0x000000079b800000)
  from space 7168K, 60% used [0x000000079cc00000,0x000000079d03c350,0x000000079d300000)
  to   space 13824K, 0% used [0x000000079b800000,0x000000079b800000,0x000000079c580000)
 ParOldGen       total 93696K, used 18137K [0x0000000740000000, 0x0000000745b80000, 0x0000000795580000)
  object space 93696K, 19% used [0x0000000740000000,0x00000007411b6660,0x0000000745b80000)
 Metaspace       used 36937K, capacity 38122K, committed 38488K, reserved 1083392K
  class space    used 4796K, capacity 5125K, committed 5248K, reserved 1048576K
}
Event: 8.952 GC heap before
{Heap before GC invocations=13 (full 2):
 PSYoungGen      total 108032K, used 105200K [0x0000000795580000, 0x000000079d300000, 0x00000007c0000000)
  eden space 100864K, 100% used [0x0000000795580000,0x000000079b800000,0x000000079b800000)
  from space 7168K, 60% used [0x000000079cc00000,0x000000079d03c350,0x000000079d300000)
  to   space 13824K, 0% used [0x000000079b800000,0x000000079b800000,0x000000079c580000)
 ParOldGen       total 93696K, used 18137K [0x0000000740000000, 0x0000000745b80000, 0x0000000795580000)
  object space 93696K, 19% used [0x0000000740000000,0x00000007411b6660,0x0000000745b80000)
 Metaspace       used 41543K, capacity 43218K, committed 43480K, reserved 1087488K
  class space    used 5634K, capacity 6039K, committed 6144K, reserved 1048576K
Event: 8.967 GC heap after
Heap after GC invocations=13 (full 2):
 PSYoungGen      total 114688K, used 8789K [0x0000000795580000, 0x000000079f000000, 0x00000007c0000000)
  eden space 100864K, 0% used [0x0000000795580000,0x0000000795580000,0x000000079b800000)
  from space 13824K, 63% used [0x000000079b800000,0x000000079c0957c8,0x000000079c580000)
  to   space 13824K, 0% used [0x000000079e280000,0x000000079e280000,0x000000079f000000)
 ParOldGen       total 93696K, used 18145K [0x0000000740000000, 0x0000000745b80000, 0x0000000795580000)
  object space 93696K, 19% used [0x0000000740000000,0x00000007411b8660,0x0000000745b80000)
 Metaspace       used 41543K, capacity 43218K, committed 43480K, reserved 1087488K
  class space    used 5634K, capacity 6039K, committed 6144K, reserved 1048576K
}
Event: 9.823 GC heap before
{Heap before GC invocations=14 (full 2):
 PSYoungGen      total 114688K, used 109653K [0x0000000795580000, 0x000000079f000000, 0x00000007c0000000)
  eden space 100864K, 100% used [0x0000000795580000,0x000000079b800000,0x000000079b800000)
  from space 13824K, 63% used [0x000000079b800000,0x000000079c0957c8,0x000000079c580000)
  to   space 13824K, 0% used [0x000000079e280000,0x000000079e280000,0x000000079f000000)
 ParOldGen       total 93696K, used 18145K [0x0000000740000000, 0x0000000745b80000, 0x0000000795580000)
  object space 93696K, 19% used [0x0000000740000000,0x00000007411b8660,0x0000000745b80000)
 Metaspace       used 43399K, capacity 45184K, committed 45528K, reserved 1089536K
  class space    used 5875K, capacity 6300K, committed 6400K, reserved 1048576K
Event: 9.848 GC heap after
Heap after GC invocations=14 (full 2):
 PSYoungGen      total 144896K, used 7543K [0x0000000795580000, 0x000000079f200000, 0x00000007c0000000)
  eden space 131072K, 0% used [0x0000000795580000,0x0000000795580000,0x000000079d580000)
  from space 13824K, 54% used [0x000000079e280000,0x000000079e9ddeb8,0x000000079f000000)
  to   space 13312K, 0% used [0x000000079d580000,0x000000079d580000,0x000000079e280000)
 ParOldGen       total 93696K, used 20449K [0x0000000740000000, 0x0000000745b80000, 0x0000000795580000)
  object space 93696K, 21% used [0x0000000740000000,0x00000007413f8660,0x0000000745b80000)
 Metaspace       used 43399K, capacity 45184K, committed 45528K, reserved 1089536K
  class space    used 5875K, capacity 6300K, committed 6400K, reserved 1048576K
}

